<?xml version="1.0" encoding="utf-8"?><testsuites><testsuite name="pytest" errors="0" failures="0" skipped="0" tests="9" time="0.039" timestamp="2023-10-25T14:48:28.456025" hostname="ShreyaPradhan"><testcase classname="tests.test_accum" name="tests_accumulator_init" time="0.002" /><testcase classname="tests.test_accum" name="tests_accumulator_add_one" time="0.001" /><testcase classname="tests.test_accum" name="tests_accumulator_add_three" time="0.001" /><testcase classname="tests.test_math" name="tests_one_plus_one" time="0.000" /><testcase classname="tests.test_math" name="tests_one_plus_oneTWO" time="0.000" /><testcase classname="tests.test_math" name="tests_divide_by_zero" time="0.001" /><testcase classname="tests.test_math" name="test_multiply[2-3-6]" time="0.001" /><testcase classname="tests.test_math" name="test_multiply[1-99-99]" time="0.001" /><testcase classname="tests.test_math" name="test_multiply[0-0-0]" time="0.000" /></testsuite></testsuites>